D:\Uchit university\university\Middlesex University\Year 2\Introduction to Computer Graphics\semister 1\cwk2 graphics\cwk2 graphics\advertisement\advertisement\Debug\advertisement.exe.embed.manifest
D:\UCHIT UNIVERSITY\UNIVERSITY\MIDDLESEX UNIVERSITY\YEAR 2\INTRODUCTION TO COMPUTER GRAPHICS\SEMISTER 1\CWK2 GRAPHICS\CWK2 GRAPHICS\ADVERTISEMENT\ADVERTISEMENT\DEBUG\ADVERTISEMENT.EXE.EMBED.MANIFEST.RES
D:\UCHIT UNIVERSITY\UNIVERSITY\MIDDLESEX UNIVERSITY\YEAR 2\INTRODUCTION TO COMPUTER GRAPHICS\SEMISTER 1\CWK2 GRAPHICS\CWK2 GRAPHICS\ADVERTISEMENT\ADVERTISEMENT\DEBUG\ADVERTISEMENT.EXE.INTERMEDIATE.MANIFEST
D:\UCHIT UNIVERSITY\UNIVERSITY\MIDDLESEX UNIVERSITY\YEAR 2\INTRODUCTION TO COMPUTER GRAPHICS\SEMISTER 1\CWK2 GRAPHICS\CWK2 GRAPHICS\ADVERTISEMENT\ADVERTISEMENT\DEBUG\ADVERTISEMENT.OBJ
D:\UCHIT UNIVERSITY\UNIVERSITY\MIDDLESEX UNIVERSITY\YEAR 2\INTRODUCTION TO COMPUTER GRAPHICS\SEMISTER 1\CWK2 GRAPHICS\CWK2 GRAPHICS\ADVERTISEMENT\ADVERTISEMENT\DEBUG\ADVERTISEMENT.PCH
D:\Uchit university\university\Middlesex University\Year 2\Introduction to Computer Graphics\semister 1\cwk2 graphics\cwk2 graphics\advertisement\advertisement\Debug\advertisement_manifest.rc
D:\Uchit university\university\Middlesex University\Year 2\Introduction to Computer Graphics\semister 1\cwk2 graphics\cwk2 graphics\advertisement\advertisement\Debug\cl.command.1.tlog
D:\Uchit university\university\Middlesex University\Year 2\Introduction to Computer Graphics\semister 1\cwk2 graphics\cwk2 graphics\advertisement\advertisement\Debug\CL.read.1.tlog
D:\Uchit university\university\Middlesex University\Year 2\Introduction to Computer Graphics\semister 1\cwk2 graphics\cwk2 graphics\advertisement\advertisement\Debug\CL.write.1.tlog
D:\Uchit university\university\Middlesex University\Year 2\Introduction to Computer Graphics\semister 1\cwk2 graphics\cwk2 graphics\advertisement\advertisement\Debug\link.command.1.tlog
D:\Uchit university\university\Middlesex University\Year 2\Introduction to Computer Graphics\semister 1\cwk2 graphics\cwk2 graphics\advertisement\advertisement\Debug\link.read.1.tlog
D:\Uchit university\university\Middlesex University\Year 2\Introduction to Computer Graphics\semister 1\cwk2 graphics\cwk2 graphics\advertisement\advertisement\Debug\link.write.1.tlog
D:\Uchit university\university\Middlesex University\Year 2\Introduction to Computer Graphics\semister 1\cwk2 graphics\cwk2 graphics\advertisement\advertisement\Debug\link-cvtres.read.1.tlog
D:\Uchit university\university\Middlesex University\Year 2\Introduction to Computer Graphics\semister 1\cwk2 graphics\cwk2 graphics\advertisement\advertisement\Debug\link-cvtres.write.1.tlog
D:\Uchit university\university\Middlesex University\Year 2\Introduction to Computer Graphics\semister 1\cwk2 graphics\cwk2 graphics\advertisement\advertisement\Debug\mt.command.1.tlog
D:\Uchit university\university\Middlesex University\Year 2\Introduction to Computer Graphics\semister 1\cwk2 graphics\cwk2 graphics\advertisement\advertisement\Debug\mt.read.1.tlog
D:\Uchit university\university\Middlesex University\Year 2\Introduction to Computer Graphics\semister 1\cwk2 graphics\cwk2 graphics\advertisement\advertisement\Debug\mt.write.1.tlog
D:\Uchit university\university\Middlesex University\Year 2\Introduction to Computer Graphics\semister 1\cwk2 graphics\cwk2 graphics\advertisement\advertisement\Debug\rc.command.1.tlog
D:\Uchit university\university\Middlesex University\Year 2\Introduction to Computer Graphics\semister 1\cwk2 graphics\cwk2 graphics\advertisement\advertisement\Debug\rc.read.1.tlog
D:\Uchit university\university\Middlesex University\Year 2\Introduction to Computer Graphics\semister 1\cwk2 graphics\cwk2 graphics\advertisement\advertisement\Debug\rc.write.1.tlog
D:\UCHIT UNIVERSITY\UNIVERSITY\MIDDLESEX UNIVERSITY\YEAR 2\INTRODUCTION TO COMPUTER GRAPHICS\SEMISTER 1\CWK2 GRAPHICS\CWK2 GRAPHICS\ADVERTISEMENT\ADVERTISEMENT\DEBUG\STDAFX.OBJ
D:\Uchit university\university\Middlesex University\Year 2\Introduction to Computer Graphics\semister 1\cwk2 graphics\cwk2 graphics\advertisement\advertisement\Debug\vc100.idb
D:\UCHIT UNIVERSITY\UNIVERSITY\MIDDLESEX UNIVERSITY\YEAR 2\INTRODUCTION TO COMPUTER GRAPHICS\SEMISTER 1\CWK2 GRAPHICS\CWK2 GRAPHICS\ADVERTISEMENT\ADVERTISEMENT\DEBUG\VC100.PDB
D:\Uchit university\university\Middlesex University\Year 2\Introduction to Computer Graphics\semister 1\cwk2 graphics\cwk2 graphics\advertisement\advertisement\Debug\vc90.idb
D:\Uchit university\university\Middlesex University\Year 2\Introduction to Computer Graphics\semister 1\cwk2 graphics\cwk2 graphics\advertisement\advertisement\Debug\vc90.pdb
D:\UCHIT UNIVERSITY\UNIVERSITY\MIDDLESEX UNIVERSITY\YEAR 2\INTRODUCTION TO COMPUTER GRAPHICS\SEMISTER 1\CWK2 GRAPHICS\CWK2 GRAPHICS\ADVERTISEMENT\DEBUG\ADVERTISEMENT.EXE
D:\UCHIT UNIVERSITY\UNIVERSITY\MIDDLESEX UNIVERSITY\YEAR 2\INTRODUCTION TO COMPUTER GRAPHICS\SEMISTER 1\CWK2 GRAPHICS\CWK2 GRAPHICS\ADVERTISEMENT\DEBUG\ADVERTISEMENT.ILK
D:\UCHIT UNIVERSITY\UNIVERSITY\MIDDLESEX UNIVERSITY\YEAR 2\INTRODUCTION TO COMPUTER GRAPHICS\SEMISTER 1\CWK2 GRAPHICS\CWK2 GRAPHICS\ADVERTISEMENT\DEBUG\ADVERTISEMENT.PDB
